0 silly argv { _: [ 'bootstrap' ],
0 silly argv   hoist: true,
0 silly argv   lernaVersion: '3.20.2',
0 silly argv   '$0': 'lerna' }
1 notice cli v3.20.2
2 verbose rootPath /Users/Santiago/Code/typescript-react-starter
3 verbose hoist using globs ["**"]
4 silly npmConfig { registry: undefined,
4 silly npmConfig   npmClient: 'npm',
4 silly npmConfig   npmClientArgs: [],
4 silly npmConfig   mutex: undefined }
5 info Bootstrapping 2 packages
6 verbose lifecycle preinstall
7 silly lifecycle No script for "preinstall" in "@appname/app", continuing
8 silly lifecycle No script for "preinstall" in "@appname/server", continuing
9 silly hasDependencyInstalled @appname/root @babel/core
10 silly hasDependencyInstalled @appname/root @types/jest
11 silly hasDependencyInstalled @appname/root @types/react
12 silly hasDependencyInstalled @appname/root @types/react-dom
13 silly hasDependencyInstalled @appname/root @types/react-helmet
14 silly hasDependencyInstalled @appname/root @types/react-redux
15 silly hasDependencyInstalled @appname/root autoprefixer
16 silly hasDependencyInstalled @appname/root css-loader
17 silly hasDependencyInstalled @appname/root dotenv
18 silly hasDependencyInstalled @appname/root dotenv-webpack
19 silly hasDependencyInstalled @appname/root husky
20 silly hasDependencyInstalled @appname/root jest
21 silly hasDependencyInstalled @appname/root lerna
22 silly hasDependencyInstalled @appname/root mini-css-extract-plugin
23 silly hasDependencyInstalled @appname/root node-sass
24 silly hasDependencyInstalled @appname/root postcss-assets
25 silly hasDependencyInstalled @appname/root postcss-loader
26 silly hasDependencyInstalled @appname/root postcss-preset-env
27 silly hasDependencyInstalled @appname/root postcss-sprites
28 silly hasDependencyInstalled @appname/root prettier
29 silly hasDependencyInstalled @appname/root pretty-quick
30 silly hasDependencyInstalled @appname/root react-test-renderer
31 silly hasDependencyInstalled @appname/root sass-loader
32 silly hasDependencyInstalled @appname/root sass-resources-loader
33 silly hasDependencyInstalled @appname/root ts-jest
34 silly hasDependencyInstalled @appname/root ts-loader
35 silly hasDependencyInstalled @appname/root tsconfig-paths-webpack-plugin
36 silly hasDependencyInstalled @appname/root tslint
37 silly hasDependencyInstalled @appname/root tslint-config-prettier
38 silly hasDependencyInstalled @appname/root tslint-loader
39 silly hasDependencyInstalled @appname/root tslint-react
40 silly hasDependencyInstalled @appname/root typescript
41 silly hasDependencyInstalled @appname/root webpack
42 silly hasDependencyInstalled @appname/root webpack-clean-obsolete-chunks
43 silly hasDependencyInstalled @appname/root webpack-cli
44 silly hasDependencyInstalled @appname/root webpack-dev-server
45 silly hasDependencyInstalled @appname/root webpack-manifest-plugin
46 silly hasDependencyInstalled @appname/root webpack-merge
47 silly hasDependencyInstalled @appname/root @root
48 silly hasDependencyInstalled @appname/root babel-polyfill
49 silly hasDependencyInstalled @appname/root lodash
50 silly hasDependencyInstalled @appname/root react
51 silly hasDependencyInstalled @appname/root react-dom
52 silly hasDependencyInstalled @appname/root react-helmet
53 silly hasDependencyInstalled @appname/root react-redux
54 silly hasDependencyInstalled @appname/root redux
55 silly hasDependencyInstalled @appname/root redux-logger
56 silly hasDependencyInstalled @appname/root redux-thunk
57 silly hasDependencyInstalled @appname/root @types/cookie-parser
58 silly hasDependencyInstalled @appname/root @types/express
59 silly hasDependencyInstalled @appname/root @types/http-errors
60 silly hasDependencyInstalled @appname/root express-manifest-helpers
61 silly hasDependencyInstalled @appname/root ignore-loader
62 silly hasDependencyInstalled @appname/root nodemon
63 silly hasDependencyInstalled @appname/root webpack-node-externals
64 silly hasDependencyInstalled @appname/root cookie-parser
65 silly hasDependencyInstalled @appname/root express
66 silly root dependencies {}
67 silly leaf dependencies {}
68 info Installing external dependencies
69 verbose actions 2 actions, concurrency 4
70 info hoist Installing hoisted dependencies into root
71 silly npmInstallDependencies @appname/root [ '@babel/core@^7.6.0',
71 silly npmInstallDependencies   '@types/jest@^24.0.22',
71 silly npmInstallDependencies   '@types/react@^16.9.11',
71 silly npmInstallDependencies   '@types/react-dom@^16.9.4',
71 silly npmInstallDependencies   '@types/react-helmet@^5.0.15',
71 silly npmInstallDependencies   '@types/react-redux@^7.1.5',
71 silly npmInstallDependencies   'autoprefixer@^9.6.1',
71 silly npmInstallDependencies   'css-loader@^3.2.0',
71 silly npmInstallDependencies   'dotenv@^8.2.0',
71 silly npmInstallDependencies   'dotenv-webpack@^1.7.0',
71 silly npmInstallDependencies   'husky@^4.2.3',
71 silly npmInstallDependencies   'jest@^24.9.0',
71 silly npmInstallDependencies   'lerna@^3.20.2',
71 silly npmInstallDependencies   'mini-css-extract-plugin@^0.8.0',
71 silly npmInstallDependencies   'node-sass@^4.12.0',
71 silly npmInstallDependencies   'postcss-assets@^5.0.0',
71 silly npmInstallDependencies   'postcss-loader@^3.0.0',
71 silly npmInstallDependencies   'postcss-preset-env@^6.7.0',
71 silly npmInstallDependencies   'postcss-sprites@^4.2.1',
71 silly npmInstallDependencies   'prettier@^1.19.1',
71 silly npmInstallDependencies   'pretty-quick@^2.0.1',
71 silly npmInstallDependencies   'react-test-renderer@^16.11.0',
71 silly npmInstallDependencies   'sass-loader@^8.0.0',
71 silly npmInstallDependencies   'sass-resources-loader@^2.0.1',
71 silly npmInstallDependencies   'ts-jest@^24.1.0',
71 silly npmInstallDependencies   'ts-loader@^6.2.1',
71 silly npmInstallDependencies   'tsconfig-paths-webpack-plugin@^3.2.0',
71 silly npmInstallDependencies   'tslint@^5.20.1',
71 silly npmInstallDependencies   'tslint-config-prettier@^1.18.0',
71 silly npmInstallDependencies   'tslint-loader@^3.5.4',
71 silly npmInstallDependencies   'tslint-react@^4.2.0',
71 silly npmInstallDependencies   'typescript@^3.6.4',
71 silly npmInstallDependencies   'webpack@^4.40.2',
71 silly npmInstallDependencies   'webpack-clean-obsolete-chunks@^0.4.0',
71 silly npmInstallDependencies   'webpack-cli@^3.3.8',
71 silly npmInstallDependencies   'webpack-dev-server@^3.9.0',
71 silly npmInstallDependencies   'webpack-manifest-plugin@^2.2.0',
71 silly npmInstallDependencies   'webpack-merge@^4.2.2',
71 silly npmInstallDependencies   '@root@./',
71 silly npmInstallDependencies   'babel-polyfill@^6.26.0',
71 silly npmInstallDependencies   'lodash@^4.17.15',
71 silly npmInstallDependencies   'react@^16.11.0',
71 silly npmInstallDependencies   'react-dom@^16.11.0',
71 silly npmInstallDependencies   'react-helmet@^5.2.1',
71 silly npmInstallDependencies   'react-redux@^7.1.1',
71 silly npmInstallDependencies   'redux@^4.0.4',
71 silly npmInstallDependencies   'redux-logger@^3.0.6',
71 silly npmInstallDependencies   'redux-thunk@^2.3.0',
71 silly npmInstallDependencies   '@types/cookie-parser@^1.4.2',
71 silly npmInstallDependencies   '@types/express@^4.17.3',
71 silly npmInstallDependencies   '@types/http-errors@^1.6.3',
71 silly npmInstallDependencies   'express-manifest-helpers@^0.6.0',
71 silly npmInstallDependencies   'ignore-loader@^0.1.2',
71 silly npmInstallDependencies   'nodemon@^2.0.2',
71 silly npmInstallDependencies   'webpack-node-externals@^1.7.2',
71 silly npmInstallDependencies   'cookie-parser@^1.4.4',
71 silly npmInstallDependencies   'express@^4.17.1' ]
72 silly npmInstallDependencies backup /Users/Santiago/Code/typescript-react-starter/package.json
73 info hoist Pruning hoisted dependencies
74 silly prune [ '/Users/Santiago/Code/typescript-react-starter/packages/server/node_modules/@types/cookie-parser',
74 silly prune   '/Users/Santiago/Code/typescript-react-starter/packages/server/node_modules/@types/express',
74 silly prune   '/Users/Santiago/Code/typescript-react-starter/packages/server/node_modules/@types/http-errors',
74 silly prune   '/Users/Santiago/Code/typescript-react-starter/packages/server/node_modules/express-manifest-helpers',
74 silly prune   '/Users/Santiago/Code/typescript-react-starter/packages/server/node_modules/ignore-loader',
74 silly prune   '/Users/Santiago/Code/typescript-react-starter/packages/server/node_modules/nodemon',
74 silly prune   '/Users/Santiago/Code/typescript-react-starter/packages/server/node_modules/webpack-node-externals',
74 silly prune   '/Users/Santiago/Code/typescript-react-starter/packages/server/node_modules/cookie-parser',
74 silly prune   '/Users/Santiago/Code/typescript-react-starter/packages/server/node_modules/express' ]
75 silly rimrafDir /Users/Santiago/Code/typescript-react-starter/packages/server/node_modules/@types/cookie-parser
76 silly rimrafDir /Users/Santiago/Code/typescript-react-starter/packages/server/node_modules/@types/express
77 silly rimrafDir /Users/Santiago/Code/typescript-react-starter/packages/server/node_modules/@types/http-errors
78 silly rimrafDir /Users/Santiago/Code/typescript-react-starter/packages/server/node_modules/express-manifest-helpers
79 error Error: Invalid package name "@root": name can only contain URL-friendly characters
79 error     at invalidPackageName (/Users/Santiago/Code/typescript-react-starter/node_modules/npm-package-arg/npa.js:86:15)
79 error     at Result.setName (/Users/Santiago/Code/typescript-react-starter/node_modules/npm-package-arg/npa.js:121:11)
79 error     at new Result (/Users/Santiago/Code/typescript-react-starter/node_modules/npm-package-arg/npa.js:111:23)
79 error     at resolve (/Users/Santiago/Code/typescript-react-starter/node_modules/npm-package-arg/npa.js:58:15)
79 error     at npa (/Users/Santiago/Code/typescript-react-starter/node_modules/npm-package-arg/npa.js:52:10)
79 error     at dependencies.map.dep (/Users/Santiago/Code/typescript-react-starter/node_modules/@lerna/npm-install/npm-install.js:104:33)
79 error     at Array.map (<anonymous>)
79 error     at transformManifest (/Users/Santiago/Code/typescript-react-starter/node_modules/@lerna/npm-install/npm-install.js:103:18)
